c:\users\100592498\desktop\the failure versions\the failure (v0.1.4)\solution\intermediates\vc120.pdb
c:\users\100592498\desktop\the failure versions\the failure (v0.1.4)\solution\intermediates\vc120.idb
c:\users\100592498\desktop\the failure versions\the failure (v0.1.4)\solution\intermediates\main.obj
c:\users\100592498\desktop\the failure versions\the failure (v0.1.4)\solution\intermediates\newplatform.obj
c:\users\100592498\desktop\the failure versions\the failure (v0.1.4)\solution\intermediates\player.obj
c:\users\100592498\desktop\the failure versions\the failure (v0.1.4)\solution\intermediates\spike.obj
c:\users\100592498\desktop\the failure versions\the failure (v0.1.4)\solution\intermediates\projectile.obj
c:\users\100592498\desktop\the failure versions\the failure (v0.1.4)\solution\..\bin\x64\debug\fizzledemo.pdb
c:\users\100592498\desktop\the failure versions\the failure (v0.1.4)\solution\intermediates\fizzledemo.tlog\cl.command.1.tlog
c:\users\100592498\desktop\the failure versions\the failure (v0.1.4)\solution\intermediates\fizzledemo.tlog\cl.read.1.tlog
c:\users\100592498\desktop\the failure versions\the failure (v0.1.4)\solution\intermediates\fizzledemo.tlog\cl.write.1.tlog
c:\users\100592498\desktop\the failure versions\the failure (v0.1.4)\solution\intermediates\fizzledemo.tlog\link.4360-cvtres.read.1.tlog
c:\users\100592498\desktop\the failure versions\the failure (v0.1.4)\solution\intermediates\fizzledemo.tlog\link.4360-cvtres.write.1.tlog
c:\users\100592498\desktop\the failure versions\the failure (v0.1.4)\solution\intermediates\fizzledemo.tlog\link.4360-rc.read.1.tlog
c:\users\100592498\desktop\the failure versions\the failure (v0.1.4)\solution\intermediates\fizzledemo.tlog\link.4360-rc.write.1.tlog
c:\users\100592498\desktop\the failure versions\the failure (v0.1.4)\solution\intermediates\fizzledemo.tlog\link.4360.read.1.tlog
c:\users\100592498\desktop\the failure versions\the failure (v0.1.4)\solution\intermediates\fizzledemo.tlog\link.4360.write.1.tlog
c:\users\100592498\desktop\the failure versions\the failure (v0.1.4)\solution\intermediates\fizzledemo.tlog\link.command.1.tlog
c:\users\100592498\desktop\the failure versions\the failure (v0.1.4)\solution\intermediates\fizzledemo.tlog\link.read.1.tlog
c:\users\100592498\desktop\the failure versions\the failure (v0.1.4)\solution\intermediates\fizzledemo.tlog\link.write.1.tlog
